<?xml version="1.0" encoding="UTF-8"?>
<testng-results ignored="0" total="1" passed="1" failed="0" skipped="0">
  <reporter-output>
  </reporter-output>
  <suite started-at="2023-02-04T21:05:08 IST" name="Default suite" finished-at="2023-02-04T21:05:08 IST" duration-ms="222">
    <groups>
    </groups>
    <test started-at="2023-02-04T21:05:08 IST" name="Default test" finished-at="2023-02-04T21:05:08 IST" duration-ms="222">
      <class name="test1.Assertions">
        <test-method signature="method2()[pri:0, instance:test1.Assertions@163e4e87]" started-at="2023-02-04T21:05:08 IST" name="method2" finished-at="2023-02-04T21:05:08 IST" duration-ms="55" status="PASS">
          <reporter-output>
          </reporter-output>
        </test-method> <!-- method2 -->
      </class> <!-- test1.Assertions -->
    </test> <!-- Default test -->
  </suite> <!-- Default suite -->
</testng-results>
